<?xml version="1.0" encoding="UTF-8"?>
<coverage generated="1757957534834" clover="3.2.0">
  <project timestamp="1757957534834" name="All files">
    <metrics statements="171" coveredstatements="21" conditionals="91" coveredconditionals="4" methods="15" coveredmethods="2" elements="277" coveredelements="27" complexity="0" loc="171" ncloc="171" packages="1" files="1" classes="1"/>
    <file name="server.ts" path="/home/srcgrp/Documents/Cline/MCP/jira-cline-mcp/src/server.ts">
      <metrics statements="171" coveredstatements="21" conditionals="91" coveredconditionals="4" methods="15" coveredmethods="2"/>
      <line num="9" count="1" type="stmt"/>
      <line num="11" count="1" type="stmt"/>
      <line num="14" count="1" type="stmt"/>
      <line num="15" count="1" type="stmt"/>
      <line num="16" count="1" type="stmt"/>
      <line num="18" count="1" type="cond" truecount="3" falsecount="1"/>
      <line num="19" count="0" type="stmt"/>
      <line num="20" count="0" type="stmt"/>
      <line num="21" count="0" type="stmt"/>
      <line num="25" count="1" type="stmt"/>
      <line num="32" count="1" type="stmt"/>
      <line num="40" count="1" type="stmt"/>
      <line num="207" count="1" type="stmt"/>
      <line num="208" count="1" type="stmt"/>
      <line num="209" count="11" type="cond" truecount="1" falsecount="0"/>
      <line num="210" count="11" type="stmt"/>
      <line num="215" count="1" type="stmt"/>
      <line num="229" count="1" type="stmt"/>
      <line num="230" count="0" type="stmt"/>
      <line num="233" count="1" type="stmt"/>
      <line num="234" count="0" type="stmt"/>
      <line num="235" count="0" type="stmt"/>
      <line num="238" count="0" type="stmt"/>
      <line num="239" count="0" type="cond" truecount="0" falsecount="1"/>
      <line num="240" count="0" type="stmt"/>
      <line num="244" count="0" type="stmt"/>
      <line num="245" count="0" type="cond" truecount="0" falsecount="3"/>
      <line num="246" count="0" type="stmt"/>
      <line num="247" count="0" type="stmt"/>
      <line num="254" count="0" type="stmt"/>
      <line num="257" count="0" type="cond" truecount="0" falsecount="12"/>
      <line num="259" count="0" type="stmt"/>
      <line num="261" count="0" type="stmt"/>
      <line num="262" count="0" type="stmt"/>
      <line num="266" count="0" type="stmt"/>
      <line num="267" count="0" type="cond" truecount="0" falsecount="2"/>
      <line num="271" count="0" type="cond" truecount="0" falsecount="2"/>
      <line num="275" count="0" type="cond" truecount="0" falsecount="3"/>
      <line num="276" count="0" type="stmt"/>
      <line num="282" count="0" type="stmt"/>
      <line num="285" count="0" type="stmt"/>
      <line num="286" count="0" type="cond" truecount="0" falsecount="1"/>
      <line num="287" count="0" type="stmt"/>
      <line num="291" count="0" type="stmt"/>
      <line num="292" count="0" type="stmt"/>
      <line num="293" count="0" type="cond" truecount="0" falsecount="1"/>
      <line num="294" count="0" type="stmt"/>
      <line num="297" count="0" type="cond" truecount="0" falsecount="2"/>
      <line num="298" count="0" type="cond" truecount="0" falsecount="2"/>
      <line num="300" count="0" type="cond" truecount="0" falsecount="2"/>
      <line num="302" count="0" type="stmt"/>
      <line num="304" count="0" type="stmt"/>
      <line num="305" count="0" type="stmt"/>
      <line num="309" count="0" type="stmt"/>
      <line num="312" count="0" type="cond" truecount="0" falsecount="3"/>
      <line num="314" count="0" type="stmt"/>
      <line num="315" count="0" type="stmt"/>
      <line num="317" count="0" type="stmt"/>
      <line num="318" count="0" type="stmt"/>
      <line num="320" count="0" type="stmt"/>
      <line num="323" count="0" type="cond" truecount="0" falsecount="2"/>
      <line num="324" count="0" type="stmt"/>
      <line num="325" count="0" type="stmt"/>
      <line num="329" count="0" type="stmt"/>
      <line num="331" count="0" type="stmt"/>
      <line num="333" count="0" type="cond" truecount="0" falsecount="1"/>
      <line num="334" count="0" type="cond" truecount="0" falsecount="1"/>
      <line num="337" count="0" type="cond" truecount="0" falsecount="1"/>
      <line num="339" count="0" type="stmt"/>
      <line num="343" count="0" type="cond" truecount="0" falsecount="1"/>
      <line num="344" count="0" type="stmt"/>
      <line num="345" count="0" type="stmt"/>
      <line num="346" count="0" type="stmt"/>
      <line num="347" count="0" type="cond" truecount="0" falsecount="2"/>
      <line num="348" count="0" type="stmt"/>
      <line num="350" count="0" type="stmt"/>
      <line num="353" count="0" type="stmt"/>
      <line num="360" count="0" type="cond" truecount="0" falsecount="1"/>
      <line num="361" count="0" type="stmt"/>
      <line num="362" count="0" type="stmt"/>
      <line num="363" count="0" type="stmt"/>
      <line num="364" count="0" type="cond" truecount="0" falsecount="2"/>
      <line num="365" count="0" type="stmt"/>
      <line num="367" count="0" type="stmt"/>
      <line num="371" count="0" type="stmt"/>
      <line num="376" count="0" type="cond" truecount="0" falsecount="2"/>
      <line num="377" count="0" type="stmt"/>
      <line num="378" count="0" type="stmt"/>
      <line num="382" count="0" type="cond" truecount="0" falsecount="1"/>
      <line num="384" count="0" type="stmt"/>
      <line num="388" count="0" type="cond" truecount="0" falsecount="1"/>
      <line num="389" count="0" type="stmt"/>
      <line num="390" count="0" type="stmt"/>
      <line num="397" count="0" type="stmt"/>
      <line num="398" count="0" type="stmt"/>
      <line num="402" count="0" type="stmt"/>
      <line num="403" count="0" type="stmt"/>
      <line num="406" count="0" type="stmt"/>
      <line num="407" count="0" type="stmt"/>
      <line num="410" count="0" type="stmt"/>
      <line num="411" count="0" type="stmt"/>
      <line num="414" count="0" type="stmt"/>
      <line num="416" count="0" type="stmt"/>
      <line num="417" count="0" type="cond" truecount="0" falsecount="4"/>
      <line num="418" count="0" type="stmt"/>
      <line num="421" count="0" type="stmt"/>
      <line num="423" count="0" type="stmt"/>
      <line num="427" count="0" type="stmt"/>
      <line num="430" count="0" type="stmt"/>
      <line num="431" count="0" type="cond" truecount="0" falsecount="1"/>
      <line num="432" count="0" type="stmt"/>
      <line num="436" count="0" type="stmt"/>
      <line num="437" count="0" type="stmt"/>
      <line num="438" count="0" type="cond" truecount="0" falsecount="3"/>
      <line num="439" count="0" type="stmt"/>
      <line num="444" count="0" type="cond" truecount="0" falsecount="1"/>
      <line num="445" count="0" type="stmt"/>
      <line num="446" count="0" type="stmt"/>
      <line num="447" count="0" type="stmt"/>
      <line num="448" count="0" type="cond" truecount="0" falsecount="4"/>
      <line num="449" count="0" type="stmt"/>
      <line num="452" count="0" type="stmt"/>
      <line num="455" count="0" type="stmt"/>
      <line num="460" count="0" type="stmt"/>
      <line num="461" count="0" type="cond" truecount="0" falsecount="4"/>
      <line num="462" count="0" type="stmt"/>
      <line num="463" count="0" type="stmt"/>
      <line num="464" count="0" type="stmt"/>
      <line num="466" count="0" type="stmt"/>
      <line num="467" count="0" type="cond" truecount="0" falsecount="3"/>
      <line num="468" count="0" type="stmt"/>
      <line num="469" count="0" type="stmt"/>
      <line num="471" count="0" type="stmt"/>
      <line num="473" count="0" type="stmt"/>
      <line num="475" count="0" type="stmt"/>
      <line num="480" count="0" type="stmt"/>
      <line num="487" count="0" type="cond" truecount="0" falsecount="1"/>
      <line num="488" count="0" type="cond" truecount="0" falsecount="1"/>
      <line num="489" count="0" type="cond" truecount="0" falsecount="1"/>
      <line num="490" count="0" type="cond" truecount="0" falsecount="1"/>
      <line num="491" count="0" type="cond" truecount="0" falsecount="1"/>
      <line num="494" count="0" type="stmt"/>
      <line num="495" count="0" type="stmt"/>
      <line num="499" count="0" type="stmt"/>
      <line num="505" count="0" type="stmt"/>
      <line num="509" count="0" type="stmt"/>
      <line num="513" count="0" type="stmt"/>
      <line num="514" count="0" type="stmt"/>
      <line num="515" count="0" type="stmt"/>
      <line num="519" count="0" type="stmt"/>
      <line num="522" count="0" type="stmt"/>
      <line num="523" count="0" type="stmt"/>
      <line num="527" count="0" type="stmt"/>
      <line num="529" count="0" type="cond" truecount="0" falsecount="3"/>
      <line num="530" count="0" type="cond" truecount="0" falsecount="2"/>
      <line num="532" count="0" type="stmt"/>
      <line num="533" count="0" type="cond" truecount="0" falsecount="2"/>
      <line num="534" count="0" type="stmt"/>
      <line num="535" count="0" type="cond" truecount="0" falsecount="4"/>
      <line num="536" count="0" type="stmt"/>
      <line num="537" count="0" type="cond" truecount="0" falsecount="1"/>
      <line num="538" count="0" type="stmt"/>
      <line num="541" count="0" type="stmt"/>
      <line num="550" count="1" type="stmt"/>
      <line num="553" count="1" type="stmt"/>
      <line num="554" count="0" type="stmt"/>
      <line num="555" count="0" type="stmt"/>
      <line num="556" count="0" type="stmt"/>
      <line num="561" count="1" type="stmt"/>
      <line num="562" count="1" type="stmt"/>
      <line num="563" count="1" type="stmt"/>
    </file>
  </project>
</coverage>
