{"/home/srcgrp/Documents/Cline/MCP/jira-cline-mcp/src/index.ts": {"path":"/home/srcgrp/Documents/Cline/MCP/jira-cline-mcp/src/index.ts","statementMap":{"0":{"start":{"line":17,"column":0},"end":{"line":17,"column":16}},"1":{"start":{"line":19,"column":12},"end":{"line":19,"column":21}},"2":{"start":{"line":22,"column":18},"end":{"line":22,"column":39}},"3":{"start":{"line":23,"column":19},"end":{"line":23,"column":41}},"4":{"start":{"line":24,"column":22},"end":{"line":24,"column":47}},"5":{"start":{"line":26,"column":0},"end":{"line":32,"column":1}},"6":{"start":{"line":27,"column":22},"end":{"line":29,"column":4}},"7":{"start":{"line":30,"column":22},"end":{"line":30,"column":121}},"8":{"start":{"line":31,"column":2},"end":{"line":31,"column":18}},"9":{"start":{"line":35,"column":19},"end":{"line":44,"column":2}},"10":{"start":{"line":46,"column":20},"end":{"line":54,"column":2}},"11":{"start":{"line":57,"column":22},"end":{"line":186,"column":2}},"12":{"start":{"line":194,"column":4},"end":{"line":205,"column":6}},"13":{"start":{"line":207,"column":4},"end":{"line":207,"column":36}},"14":{"start":{"line":208,"column":4},"end":{"line":208,"column":29}},"15":{"start":{"line":211,"column":4},"end":{"line":211,"column":145}},"16":{"start":{"line":211,"column":62},"end":{"line":211,"column":144}},"17":{"start":{"line":212,"column":4},"end":{"line":216,"column":7}},"18":{"start":{"line":213,"column":26},"end":{"line":213,"column":112}},"19":{"start":{"line":214,"column":6},"end":{"line":214,"column":32}},"20":{"start":{"line":215,"column":6},"end":{"line":215,"column":22}},"21":{"start":{"line":221,"column":4},"end":{"line":225,"column":7}},"22":{"start":{"line":222,"column":6},"end":{"line":224,"column":7}},"23":{"start":{"line":223,"column":8},"end":{"line":223,"column":74}},"24":{"start":{"line":228,"column":4},"end":{"line":228,"column":83}},"25":{"start":{"line":228,"column":71},"end":{"line":228,"column":80}},"26":{"start":{"line":231,"column":4},"end":{"line":375,"column":7}},"27":{"start":{"line":232,"column":23},"end":{"line":232,"column":42}},"28":{"start":{"line":233,"column":19},"end":{"line":233,"column":50}},"29":{"start":{"line":234,"column":26},"end":{"line":234,"column":132}},"30":{"start":{"line":236,"column":29},"end":{"line":236,"column":65}},"31":{"start":{"line":236,"column":45},"end":{"line":236,"column":64}},"32":{"start":{"line":237,"column":6},"end":{"line":239,"column":7}},"33":{"start":{"line":238,"column":8},"end":{"line":238,"column":86}},"34":{"start":{"line":242,"column":24},"end":{"line":242,"column":57}},"35":{"start":{"line":243,"column":6},"end":{"line":249,"column":7}},"36":{"start":{"line":244,"column":29},"end":{"line":244,"column":143}},"37":{"start":{"line":245,"column":9},"end":{"line":248,"column":11}},"38":{"start":{"line":252,"column":6},"end":{"line":374,"column":7}},"39":{"start":{"line":254,"column":8},"end":{"line":343,"column":9}},"40":{"start":{"line":256,"column":12},"end":{"line":256,"column":90}},"41":{"start":{"line":258,"column":12},"end":{"line":258,"column":96}},"42":{"start":{"line":259,"column":12},"end":{"line":259,"column":18}},"43":{"start":{"line":261,"column":22},"end":{"line":261,"column":24}},"44":{"start":{"line":262,"column":12},"end":{"line":301,"column":13}},"45":{"start":{"line":266,"column":30},"end":{"line":268,"column":32}},"46":{"start":{"line":270,"column":14},"end":{"line":275,"column":15}},"47":{"start":{"line":271,"column":16},"end":{"line":274,"column":18}},"48":{"start":{"line":277,"column":28},"end":{"line":277,"column":73}},"49":{"start":{"line":280,"column":29},"end":{"line":280,"column":82}},"50":{"start":{"line":281,"column":14},"end":{"line":283,"column":15}},"51":{"start":{"line":282,"column":16},"end":{"line":282,"column":105}},"52":{"start":{"line":286,"column":37},"end":{"line":286,"column":105}},"53":{"start":{"line":287,"column":29},"end":{"line":287,"column":73}},"54":{"start":{"line":288,"column":14},"end":{"line":290,"column":15}},"55":{"start":{"line":289,"column":16},"end":{"line":289,"column":112}},"56":{"start":{"line":292,"column":14},"end":{"line":292,"column":31}},"57":{"start":{"line":293,"column":14},"end":{"line":295,"column":15}},"58":{"start":{"line":294,"column":16},"end":{"line":294,"column":42}},"59":{"start":{"line":296,"column":19},"end":{"line":301,"column":13}},"60":{"start":{"line":298,"column":14},"end":{"line":298,"column":115}},"61":{"start":{"line":300,"column":14},"end":{"line":300,"column":109}},"62":{"start":{"line":302,"column":12},"end":{"line":302,"column":83}},"63":{"start":{"line":303,"column":12},"end":{"line":303,"column":18}},"64":{"start":{"line":305,"column":12},"end":{"line":305,"column":56}},"65":{"start":{"line":306,"column":12},"end":{"line":306,"column":18}},"66":{"start":{"line":308,"column":12},"end":{"line":308,"column":62}},"67":{"start":{"line":309,"column":12},"end":{"line":309,"column":18}},"68":{"start":{"line":311,"column":12},"end":{"line":311,"column":68}},"69":{"start":{"line":312,"column":12},"end":{"line":312,"column":18}},"70":{"start":{"line":314,"column":12},"end":{"line":314,"column":73}},"71":{"start":{"line":315,"column":12},"end":{"line":315,"column":18}},"72":{"start":{"line":318,"column":26},"end":{"line":318,"column":101}},"73":{"start":{"line":320,"column":32},"end":{"line":320,"column":46}},"74":{"start":{"line":321,"column":13},"end":{"line":326,"column":14}},"75":{"start":{"line":322,"column":15},"end":{"line":322,"column":38}},"76":{"start":{"line":325,"column":15},"end":{"line":325,"column":106}},"77":{"start":{"line":327,"column":12},"end":{"line":327,"column":18}},"78":{"start":{"line":329,"column":12},"end":{"line":329,"column":56}},"79":{"start":{"line":330,"column":12},"end":{"line":330,"column":18}},"80":{"start":{"line":332,"column":12},"end":{"line":336,"column":15}},"81":{"start":{"line":338,"column":12},"end":{"line":338,"column":143}},"82":{"start":{"line":339,"column":12},"end":{"line":339,"column":18}},"83":{"start":{"line":342,"column":12},"end":{"line":342,"column":108}},"84":{"start":{"line":345,"column":28},"end":{"line":345,"column":121}},"85":{"start":{"line":346,"column":8},"end":{"line":348,"column":10}},"86":{"start":{"line":350,"column":28},"end":{"line":350,"column":125}},"87":{"start":{"line":352,"column":29},"end":{"line":352,"column":110}},"88":{"start":{"line":353,"column":27},"end":{"line":353,"column":47}},"89":{"start":{"line":356,"column":27},"end":{"line":356,"column":50}},"90":{"start":{"line":357,"column":8},"end":{"line":365,"column":9}},"91":{"start":{"line":358,"column":12},"end":{"line":358,"column":51}},"92":{"start":{"line":359,"column":15},"end":{"line":365,"column":9}},"93":{"start":{"line":361,"column":12},"end":{"line":361,"column":52}},"94":{"start":{"line":362,"column":15},"end":{"line":365,"column":9}},"95":{"start":{"line":364,"column":12},"end":{"line":364,"column":52}},"96":{"start":{"line":369,"column":9},"end":{"line":373,"column":11}},"97":{"start":{"line":381,"column":100},"end":{"line":381,"column":104}},"98":{"start":{"line":387,"column":4},"end":{"line":392,"column":5}},"99":{"start":{"line":388,"column":24},"end":{"line":388,"column":92}},"100":{"start":{"line":389,"column":8},"end":{"line":389,"column":31}},"101":{"start":{"line":391,"column":8},"end":{"line":391,"column":104}},"102":{"start":{"line":393,"column":4},"end":{"line":393,"column":121}},"103":{"start":{"line":393,"column":20},"end":{"line":393,"column":121}},"104":{"start":{"line":398,"column":5},"end":{"line":407,"column":6}},"105":{"start":{"line":399,"column":28},"end":{"line":399,"column":74}},"106":{"start":{"line":400,"column":27},"end":{"line":400,"column":100}},"107":{"start":{"line":400,"column":49},"end":{"line":400,"column":99}},"108":{"start":{"line":401,"column":9},"end":{"line":403,"column":10}},"109":{"start":{"line":402,"column":13},"end":{"line":402,"column":110}},"110":{"start":{"line":404,"column":9},"end":{"line":404,"column":36}},"111":{"start":{"line":406,"column":9},"end":{"line":406,"column":121}},"112":{"start":{"line":412,"column":4},"end":{"line":425,"column":5}},"113":{"start":{"line":413,"column":8},"end":{"line":424,"column":9}},"114":{"start":{"line":414,"column":31},"end":{"line":414,"column":79}},"115":{"start":{"line":415,"column":34},"end":{"line":415,"column":104}},"116":{"start":{"line":415,"column":55},"end":{"line":415,"column":103}},"117":{"start":{"line":416,"column":12},"end":{"line":421,"column":13}},"118":{"start":{"line":417,"column":16},"end":{"line":417,"column":106}},"119":{"start":{"line":420,"column":17},"end":{"line":420,"column":47}},"120":{"start":{"line":423,"column":13},"end":{"line":423,"column":131}},"121":{"start":{"line":428,"column":45},"end":{"line":428,"column":47}},"122":{"start":{"line":429,"column":4},"end":{"line":445,"column":5}},"123":{"start":{"line":430,"column":8},"end":{"line":444,"column":9}},"124":{"start":{"line":431,"column":38},"end":{"line":431,"column":124}},"125":{"start":{"line":432,"column":12},"end":{"line":441,"column":96}},"126":{"start":{"line":434,"column":38},"end":{"line":434,"column":117}},"127":{"start":{"line":434,"column":67},"end":{"line":434,"column":116}},"128":{"start":{"line":435,"column":20},"end":{"line":438,"column":21}},"129":{"start":{"line":436,"column":24},"end":{"line":436,"column":110}},"130":{"start":{"line":437,"column":24},"end":{"line":437,"column":36}},"131":{"start":{"line":439,"column":20},"end":{"line":439,"column":48}},"132":{"start":{"line":441,"column":81},"end":{"line":441,"column":94}},"133":{"start":{"line":443,"column":12},"end":{"line":443,"column":142}},"134":{"start":{"line":448,"column":24},"end":{"line":452,"column":6}},"135":{"start":{"line":455,"column":4},"end":{"line":455,"column":54}},"136":{"start":{"line":455,"column":21},"end":{"line":455,"column":54}},"137":{"start":{"line":456,"column":4},"end":{"line":456,"column":60}},"138":{"start":{"line":456,"column":18},"end":{"line":456,"column":60}},"139":{"start":{"line":457,"column":4},"end":{"line":457,"column":39}},"140":{"start":{"line":457,"column":16},"end":{"line":457,"column":39}},"141":{"start":{"line":458,"column":4},"end":{"line":460,"column":5}},"142":{"start":{"line":459,"column":8},"end":{"line":459,"column":45}},"143":{"start":{"line":461,"column":4},"end":{"line":461,"column":57}},"144":{"start":{"line":461,"column":20},"end":{"line":461,"column":57}},"145":{"start":{"line":463,"column":25},"end":{"line":463,"column":35}},"146":{"start":{"line":465,"column":24},"end":{"line":465,"column":140}},"147":{"start":{"line":468,"column":4},"end":{"line":468,"column":50}},"148":{"start":{"line":472,"column":75},"end":{"line":472,"column":79}},"149":{"start":{"line":474,"column":32},"end":{"line":474,"column":34}},"150":{"start":{"line":476,"column":4},"end":{"line":476,"column":50}},"151":{"start":{"line":476,"column":17},"end":{"line":476,"column":50}},"152":{"start":{"line":477,"column":4},"end":{"line":477,"column":62}},"153":{"start":{"line":477,"column":21},"end":{"line":477,"column":62}},"154":{"start":{"line":480,"column":4},"end":{"line":483,"column":5}},"155":{"start":{"line":482,"column":7},"end":{"line":482,"column":57}},"156":{"start":{"line":487,"column":4},"end":{"line":499,"column":5}},"157":{"start":{"line":488,"column":8},"end":{"line":498,"column":9}},"158":{"start":{"line":489,"column":31},"end":{"line":489,"column":79}},"159":{"start":{"line":490,"column":34},"end":{"line":490,"column":104}},"160":{"start":{"line":490,"column":55},"end":{"line":490,"column":103}},"161":{"start":{"line":491,"column":12},"end":{"line":495,"column":13}},"162":{"start":{"line":492,"column":16},"end":{"line":492,"column":67}},"163":{"start":{"line":494,"column":16},"end":{"line":494,"column":83}},"164":{"start":{"line":497,"column":13},"end":{"line":497,"column":108}},"165":{"start":{"line":504,"column":4},"end":{"line":517,"column":5}},"166":{"start":{"line":505,"column":8},"end":{"line":516,"column":9}},"167":{"start":{"line":506,"column":32},"end":{"line":506,"column":98}},"168":{"start":{"line":507,"column":37},"end":{"line":507,"column":123}},"169":{"start":{"line":507,"column":72},"end":{"line":507,"column":122}},"170":{"start":{"line":508,"column":12},"end":{"line":513,"column":13}},"171":{"start":{"line":509,"column":16},"end":{"line":509,"column":51}},"172":{"start":{"line":511,"column":17},"end":{"line":511,"column":186}},"173":{"start":{"line":511,"column":160},"end":{"line":511,"column":170}},"174":{"start":{"line":515,"column":12},"end":{"line":515,"column":112}},"175":{"start":{"line":520,"column":4},"end":{"line":529,"column":5}},"176":{"start":{"line":521,"column":28},"end":{"line":521,"column":137}},"177":{"start":{"line":522,"column":8},"end":{"line":525,"column":11}},"178":{"start":{"line":526,"column":11},"end":{"line":529,"column":5}},"179":{"start":{"line":528,"column":9},"end":{"line":528,"column":136}},"180":{"start":{"line":533,"column":4},"end":{"line":541,"column":5}},"181":{"start":{"line":534,"column":28},"end":{"line":534,"column":169}},"182":{"start":{"line":535,"column":8},"end":{"line":540,"column":11}},"183":{"start":{"line":545,"column":25},"end":{"line":545,"column":85}},"184":{"start":{"line":546,"column":4},"end":{"line":546,"column":24}},"185":{"start":{"line":553,"column":22},"end":{"line":553,"column":48}},"186":{"start":{"line":554,"column":4},"end":{"line":554,"column":41}},"187":{"start":{"line":555,"column":24},"end":{"line":555,"column":129}},"188":{"start":{"line":559,"column":4},"end":{"line":559,"column":30}},"189":{"start":{"line":564,"column":15},"end":{"line":564,"column":34}},"190":{"start":{"line":565,"column":0},"end":{"line":568,"column":3}},"191":{"start":{"line":566,"column":22},"end":{"line":566,"column":118}},"192":{"start":{"line":567,"column":2},"end":{"line":567,"column":18}},"193":{"start":{"line":575,"column":85},"end":{"line":575,"column":39992}},"194":{"start":{"line":575,"column":89},"end":{"line":575,"column":39981}},"195":{"start":{"line":575,"column":40107},"end":{"line":575,"column":40113}},"196":{"start":{"line":575,"column":40228},"end":{"line":575,"column":40234}},"197":{"start":{"line":575,"column":40349},"end":{"line":575,"column":40355}},"198":{"start":{"line":575,"column":40474},"end":{"line":575,"column":40480}},"199":{"start":{"line":575,"column":40624},"end":{"line":575,"column":40630}}},"fnMap":{"0":{"name":"(anonymous_0)","decl":{"start":{"line":193,"column":2},"end":{"line":193,"column":null}},"loc":{"start":{"line":193,"column":2},"end":{"line":217,"column":3}}},"1":{"name":"(anonymous_1)","decl":{"start":{"line":211,"column":26},"end":{"line":211,"column":27}},"loc":{"start":{"line":211,"column":62},"end":{"line":211,"column":144}}},"2":{"name":"(anonymous_2)","decl":{"start":{"line":212,"column":25},"end":{"line":212,"column":30}},"loc":{"start":{"line":212,"column":36},"end":{"line":216,"column":5}}},"3":{"name":"(anonymous_3)","decl":{"start":{"line":219,"column":10},"end":{"line":219,"column":27}},"loc":{"start":{"line":219,"column":27},"end":{"line":376,"column":3}}},"4":{"name":"(anonymous_4)","decl":{"start":{"line":221,"column":18},"end":{"line":221,"column":22}},"loc":{"start":{"line":221,"column":25},"end":{"line":225,"column":5}}},"5":{"name":"(anonymous_5)","decl":{"start":{"line":228,"column":58},"end":{"line":228,"column":63}},"loc":{"start":{"line":228,"column":71},"end":{"line":228,"column":80}}},"6":{"name":"(anonymous_6)","decl":{"start":{"line":231,"column":57},"end":{"line":231,"column":62}},"loc":{"start":{"line":231,"column":92},"end":{"line":375,"column":5}}},"7":{"name":"(anonymous_7)","decl":{"start":{"line":236,"column":40},"end":{"line":236,"column":41}},"loc":{"start":{"line":236,"column":45},"end":{"line":236,"column":64}}},"8":{"name":"(anonymous_8)","decl":{"start":{"line":380,"column":10},"end":{"line":380,"column":15}},"loc":{"start":{"line":380,"column":43},"end":{"line":469,"column":3}}},"9":{"name":"(anonymous_9)","decl":{"start":{"line":400,"column":43},"end":{"line":400,"column":45}},"loc":{"start":{"line":400,"column":49},"end":{"line":400,"column":99}}},"10":{"name":"(anonymous_10)","decl":{"start":{"line":415,"column":50},"end":{"line":415,"column":51}},"loc":{"start":{"line":415,"column":55},"end":{"line":415,"column":103}}},"11":{"name":"(anonymous_11)","decl":{"start":{"line":433,"column":21},"end":{"line":433,"column":22}},"loc":{"start":{"line":433,"column":42},"end":{"line":440,"column":17}}},"12":{"name":"(anonymous_12)","decl":{"start":{"line":434,"column":61},"end":{"line":434,"column":63}},"loc":{"start":{"line":434,"column":67},"end":{"line":434,"column":116}}},"13":{"name":"(anonymous_13)","decl":{"start":{"line":441,"column":24},"end":{"line":441,"column":25}},"loc":{"start":{"line":441,"column":81},"end":{"line":441,"column":94}}},"14":{"name":"(anonymous_14)","decl":{"start":{"line":471,"column":10},"end":{"line":471,"column":15}},"loc":{"start":{"line":471,"column":43},"end":{"line":548,"column":3}}},"15":{"name":"(anonymous_15)","decl":{"start":{"line":490,"column":50},"end":{"line":490,"column":51}},"loc":{"start":{"line":490,"column":55},"end":{"line":490,"column":103}}},"16":{"name":"(anonymous_16)","decl":{"start":{"line":507,"column":67},"end":{"line":507,"column":68}},"loc":{"start":{"line":507,"column":72},"end":{"line":507,"column":122}}},"17":{"name":"(anonymous_17)","decl":{"start":{"line":511,"column":155},"end":{"line":511,"column":156}},"loc":{"start":{"line":511,"column":160},"end":{"line":511,"column":170}}},"18":{"name":"(anonymous_18)","decl":{"start":{"line":552,"column":2},"end":{"line":552,"column":7}},"loc":{"start":{"line":552,"column":11},"end":{"line":556,"column":3}}},"19":{"name":"(anonymous_19)","decl":{"start":{"line":558,"column":2},"end":{"line":558,"column":7}},"loc":{"start":{"line":558,"column":13},"end":{"line":560,"column":3}}},"20":{"name":"(anonymous_20)","decl":{"start":{"line":565,"column":19},"end":{"line":565,"column":20}},"loc":{"start":{"line":565,"column":29},"end":{"line":568,"column":1}}},"21":{"name":"oo_cm","decl":{"start":{"line":575,"column":77},"end":{"line":575,"column":82}},"loc":{"start":{"line":575,"column":82},"end":{"line":575,"column":39993}}}},"branchMap":{"0":{"loc":{"start":{"line":26,"column":0},"end":{"line":32,"column":1}},"type":"if","locations":[{"start":{"line":26,"column":0},"end":{"line":32,"column":1}}]},"1":{"loc":{"start":{"line":26,"column":4},"end":{"line":26,"column":47}},"type":"binary-expr","locations":[{"start":{"line":26,"column":4},"end":{"line":26,"column":14}},{"start":{"line":26,"column":18},"end":{"line":26,"column":29}},{"start":{"line":26,"column":33},"end":{"line":26,"column":47}}]},"2":{"loc":{"start":{"line":222,"column":6},"end":{"line":224,"column":7}},"type":"if","locations":[{"start":{"line":222,"column":6},"end":{"line":224,"column":7}}]},"3":{"loc":{"start":{"line":237,"column":6},"end":{"line":239,"column":7}},"type":"if","locations":[{"start":{"line":237,"column":6},"end":{"line":239,"column":7}}]},"4":{"loc":{"start":{"line":243,"column":6},"end":{"line":249,"column":7}},"type":"if","locations":[{"start":{"line":243,"column":6},"end":{"line":249,"column":7}}]},"5":{"loc":{"start":{"line":243,"column":10},"end":{"line":243,"column":39}},"type":"binary-expr","locations":[{"start":{"line":243,"column":10},"end":{"line":243,"column":19}},{"start":{"line":243,"column":23},"end":{"line":243,"column":39}}]},"6":{"loc":{"start":{"line":254,"column":8},"end":{"line":343,"column":9}},"type":"switch","locations":[{"start":{"line":255,"column":10},"end":{"line":259,"column":18}},{"start":{"line":260,"column":10},"end":{"line":303,"column":18}},{"start":{"line":304,"column":10},"end":{"line":306,"column":18}},{"start":{"line":307,"column":10},"end":{"line":309,"column":18}},{"start":{"line":310,"column":10},"end":{"line":312,"column":18}},{"start":{"line":313,"column":10},"end":{"line":315,"column":18}},{"start":{"line":316,"column":10},"end":{"line":327,"column":18}},{"start":{"line":328,"column":10},"end":{"line":330,"column":18}},{"start":{"line":331,"column":10},"end":{"line":339,"column":18}},{"start":{"line":340,"column":10},"end":{"line":342,"column":108}}]},"7":{"loc":{"start":{"line":262,"column":12},"end":{"line":301,"column":13}},"type":"if","locations":[{"start":{"line":262,"column":12},"end":{"line":301,"column":13}},{"start":{"line":296,"column":19},"end":{"line":301,"column":13}}]},"8":{"loc":{"start":{"line":266,"column":30},"end":{"line":268,"column":32}},"type":"cond-expr","locations":[{"start":{"line":267,"column":18},"end":{"line":267,"column":46}},{"start":{"line":268,"column":18},"end":{"line":268,"column":32}}]},"9":{"loc":{"start":{"line":270,"column":14},"end":{"line":275,"column":15}},"type":"if","locations":[{"start":{"line":270,"column":14},"end":{"line":275,"column":15}}]},"10":{"loc":{"start":{"line":270,"column":18},"end":{"line":270,"column":60}},"type":"binary-expr","locations":[{"start":{"line":270,"column":18},"end":{"line":270,"column":44}},{"start":{"line":270,"column":48},"end":{"line":270,"column":60}}]},"11":{"loc":{"start":{"line":281,"column":14},"end":{"line":283,"column":15}},"type":"if","locations":[{"start":{"line":281,"column":14},"end":{"line":283,"column":15}}]},"12":{"loc":{"start":{"line":288,"column":14},"end":{"line":290,"column":15}},"type":"if","locations":[{"start":{"line":288,"column":14},"end":{"line":290,"column":15}}]},"13":{"loc":{"start":{"line":293,"column":14},"end":{"line":295,"column":15}},"type":"if","locations":[{"start":{"line":293,"column":14},"end":{"line":295,"column":15}}]},"14":{"loc":{"start":{"line":296,"column":19},"end":{"line":301,"column":13}},"type":"if","locations":[{"start":{"line":296,"column":19},"end":{"line":301,"column":13}},{"start":{"line":299,"column":19},"end":{"line":301,"column":13}}]},"15":{"loc":{"start":{"line":298,"column":20},"end":{"line":298,"column":114}},"type":"cond-expr","locations":[{"start":{"line":298,"column":31},"end":{"line":298,"column":79}},{"start":{"line":298,"column":82},"end":{"line":298,"column":114}}]},"16":{"loc":{"start":{"line":321,"column":13},"end":{"line":326,"column":14}},"type":"if","locations":[{"start":{"line":321,"column":13},"end":{"line":326,"column":14}},{"start":{"line":323,"column":20},"end":{"line":326,"column":14}}]},"17":{"loc":{"start":{"line":321,"column":17},"end":{"line":321,"column":112}},"type":"binary-expr","locations":[{"start":{"line":321,"column":17},"end":{"line":321,"column":38}},{"start":{"line":321,"column":42},"end":{"line":321,"column":112}}]},"18":{"loc":{"start":{"line":352,"column":29},"end":{"line":352,"column":110}},"type":"binary-expr","locations":[{"start":{"line":352,"column":29},"end":{"line":352,"column":61}},{"start":{"line":352,"column":65},"end":{"line":352,"column":79}},{"start":{"line":352,"column":83},"end":{"line":352,"column":110}}]},"19":{"loc":{"start":{"line":353,"column":27},"end":{"line":353,"column":47}},"type":"binary-expr","locations":[{"start":{"line":353,"column":27},"end":{"line":353,"column":40}},{"start":{"line":353,"column":44},"end":{"line":353,"column":47}}]},"20":{"loc":{"start":{"line":357,"column":8},"end":{"line":365,"column":9}},"type":"if","locations":[{"start":{"line":357,"column":8},"end":{"line":365,"column":9}},{"start":{"line":359,"column":15},"end":{"line":365,"column":9}}]},"21":{"loc":{"start":{"line":359,"column":15},"end":{"line":365,"column":9}},"type":"if","locations":[{"start":{"line":359,"column":15},"end":{"line":365,"column":9}},{"start":{"line":362,"column":15},"end":{"line":365,"column":9}}]},"22":{"loc":{"start":{"line":359,"column":19},"end":{"line":359,"column":59}},"type":"binary-expr","locations":[{"start":{"line":359,"column":19},"end":{"line":359,"column":37}},{"start":{"line":359,"column":41},"end":{"line":359,"column":59}}]},"23":{"loc":{"start":{"line":362,"column":15},"end":{"line":365,"column":9}},"type":"if","locations":[{"start":{"line":362,"column":15},"end":{"line":365,"column":9}}]},"24":{"loc":{"start":{"line":393,"column":4},"end":{"line":393,"column":121}},"type":"if","locations":[{"start":{"line":393,"column":4},"end":{"line":393,"column":121}}]},"25":{"loc":{"start":{"line":401,"column":9},"end":{"line":403,"column":10}},"type":"if","locations":[{"start":{"line":401,"column":9},"end":{"line":403,"column":10}}]},"26":{"loc":{"start":{"line":401,"column":13},"end":{"line":401,"column":40}},"type":"binary-expr","locations":[{"start":{"line":401,"column":13},"end":{"line":401,"column":23}},{"start":{"line":401,"column":27},"end":{"line":401,"column":40}}]},"27":{"loc":{"start":{"line":412,"column":4},"end":{"line":425,"column":5}},"type":"if","locations":[{"start":{"line":412,"column":4},"end":{"line":425,"column":5}}]},"28":{"loc":{"start":{"line":416,"column":12},"end":{"line":421,"column":13}},"type":"if","locations":[{"start":{"line":416,"column":12},"end":{"line":421,"column":13}},{"start":{"line":419,"column":19},"end":{"line":421,"column":13}}]},"29":{"loc":{"start":{"line":416,"column":16},"end":{"line":416,"column":51}},"type":"binary-expr","locations":[{"start":{"line":416,"column":16},"end":{"line":416,"column":30}},{"start":{"line":416,"column":34},"end":{"line":416,"column":51}}]},"30":{"loc":{"start":{"line":429,"column":4},"end":{"line":445,"column":5}},"type":"if","locations":[{"start":{"line":429,"column":4},"end":{"line":445,"column":5}}]},"31":{"loc":{"start":{"line":429,"column":8},"end":{"line":429,"column":56}},"type":"binary-expr","locations":[{"start":{"line":429,"column":8},"end":{"line":429,"column":18}},{"start":{"line":429,"column":22},"end":{"line":429,"column":43}},{"start":{"line":429,"column":47},"end":{"line":429,"column":56}}]},"32":{"loc":{"start":{"line":435,"column":20},"end":{"line":438,"column":21}},"type":"if","locations":[{"start":{"line":435,"column":20},"end":{"line":438,"column":21}}]},"33":{"loc":{"start":{"line":435,"column":24},"end":{"line":435,"column":51}},"type":"binary-expr","locations":[{"start":{"line":435,"column":24},"end":{"line":435,"column":34}},{"start":{"line":435,"column":38},"end":{"line":435,"column":51}}]},"34":{"loc":{"start":{"line":455,"column":4},"end":{"line":455,"column":54}},"type":"if","locations":[{"start":{"line":455,"column":4},"end":{"line":455,"column":54}}]},"35":{"loc":{"start":{"line":456,"column":4},"end":{"line":456,"column":60}},"type":"if","locations":[{"start":{"line":456,"column":4},"end":{"line":456,"column":60}}]},"36":{"loc":{"start":{"line":457,"column":4},"end":{"line":457,"column":39}},"type":"if","locations":[{"start":{"line":457,"column":4},"end":{"line":457,"column":39}}]},"37":{"loc":{"start":{"line":458,"column":4},"end":{"line":460,"column":5}},"type":"if","locations":[{"start":{"line":458,"column":4},"end":{"line":460,"column":5}}]},"38":{"loc":{"start":{"line":461,"column":4},"end":{"line":461,"column":57}},"type":"if","locations":[{"start":{"line":461,"column":4},"end":{"line":461,"column":57}}]},"39":{"loc":{"start":{"line":476,"column":4},"end":{"line":476,"column":50}},"type":"if","locations":[{"start":{"line":476,"column":4},"end":{"line":476,"column":50}}]},"40":{"loc":{"start":{"line":477,"column":4},"end":{"line":477,"column":62}},"type":"if","locations":[{"start":{"line":477,"column":4},"end":{"line":477,"column":62}}]},"41":{"loc":{"start":{"line":480,"column":4},"end":{"line":483,"column":5}},"type":"if","locations":[{"start":{"line":480,"column":4},"end":{"line":483,"column":5}}]},"42":{"loc":{"start":{"line":487,"column":4},"end":{"line":499,"column":5}},"type":"if","locations":[{"start":{"line":487,"column":4},"end":{"line":499,"column":5}}]},"43":{"loc":{"start":{"line":491,"column":12},"end":{"line":495,"column":13}},"type":"if","locations":[{"start":{"line":491,"column":12},"end":{"line":495,"column":13}},{"start":{"line":493,"column":19},"end":{"line":495,"column":13}}]},"44":{"loc":{"start":{"line":504,"column":4},"end":{"line":517,"column":5}},"type":"if","locations":[{"start":{"line":504,"column":4},"end":{"line":517,"column":5}}]},"45":{"loc":{"start":{"line":508,"column":12},"end":{"line":513,"column":13}},"type":"if","locations":[{"start":{"line":508,"column":12},"end":{"line":513,"column":13}},{"start":{"line":510,"column":19},"end":{"line":513,"column":13}}]},"46":{"loc":{"start":{"line":520,"column":4},"end":{"line":529,"column":5}},"type":"if","locations":[{"start":{"line":520,"column":4},"end":{"line":529,"column":5}},{"start":{"line":526,"column":11},"end":{"line":529,"column":5}}]},"47":{"loc":{"start":{"line":526,"column":11},"end":{"line":529,"column":5}},"type":"if","locations":[{"start":{"line":526,"column":11},"end":{"line":529,"column":5}}]},"48":{"loc":{"start":{"line":533,"column":4},"end":{"line":541,"column":5}},"type":"if","locations":[{"start":{"line":533,"column":4},"end":{"line":541,"column":5}}]},"49":{"loc":{"start":{"line":575,"column":96},"end":{"line":575,"column":39980}},"type":"binary-expr","locations":[{"start":{"line":575,"column":96},"end":{"line":575,"column":133}},{"start":{"line":575,"column":137},"end":{"line":575,"column":39980}}]}},"s":{"0":1,"1":1,"2":1,"3":1,"4":1,"5":1,"6":0,"7":0,"8":0,"9":1,"10":1,"11":1,"12":2,"13":2,"14":2,"15":2,"16":0,"17":2,"18":0,"19":0,"20":0,"21":2,"22":18,"23":18,"24":2,"25":0,"26":2,"27":0,"28":0,"29":0,"30":0,"31":0,"32":0,"33":0,"34":0,"35":0,"36":0,"37":0,"38":0,"39":0,"40":0,"41":0,"42":0,"43":0,"44":0,"45":0,"46":0,"47":0,"48":0,"49":0,"50":0,"51":0,"52":0,"53":0,"54":0,"55":0,"56":0,"57":0,"58":0,"59":0,"60":0,"61":0,"62":0,"63":0,"64":0,"65":0,"66":0,"67":0,"68":0,"69":0,"70":0,"71":0,"72":0,"73":0,"74":0,"75":0,"76":0,"77":0,"78":0,"79":0,"80":0,"81":0,"82":0,"83":0,"84":0,"85":0,"86":0,"87":0,"88":0,"89":0,"90":0,"91":0,"92":0,"93":0,"94":0,"95":0,"96":0,"97":0,"98":0,"99":0,"100":0,"101":0,"102":0,"103":0,"104":0,"105":0,"106":0,"107":0,"108":0,"109":0,"110":0,"111":0,"112":0,"113":0,"114":0,"115":0,"116":0,"117":0,"118":0,"119":0,"120":0,"121":0,"122":0,"123":0,"124":0,"125":0,"126":0,"127":0,"128":0,"129":0,"130":0,"131":0,"132":0,"133":0,"134":0,"135":0,"136":0,"137":0,"138":0,"139":0,"140":0,"141":0,"142":0,"143":0,"144":0,"145":0,"146":0,"147":0,"148":0,"149":0,"150":0,"151":0,"152":0,"153":0,"154":0,"155":0,"156":0,"157":0,"158":0,"159":0,"160":0,"161":0,"162":0,"163":0,"164":0,"165":0,"166":0,"167":0,"168":0,"169":0,"170":0,"171":0,"172":0,"173":0,"174":0,"175":0,"176":0,"177":0,"178":0,"179":0,"180":0,"181":0,"182":0,"183":0,"184":0,"185":2,"186":2,"187":2,"188":1,"189":1,"190":1,"191":0,"192":0,"193":2,"194":2,"195":1,"196":1,"197":1,"198":1,"199":1},"f":{"0":2,"1":0,"2":0,"3":2,"4":18,"5":0,"6":0,"7":0,"8":0,"9":0,"10":0,"11":0,"12":0,"13":0,"14":0,"15":0,"16":0,"17":0,"18":2,"19":1,"20":0,"21":2},"b":{"0":[0],"1":[1,1,1],"2":[18],"3":[0],"4":[0],"5":[0,0],"6":[0,0,0,0,0,0,0,0,0,0],"7":[0,0],"8":[0,0],"9":[0],"10":[0,0],"11":[0],"12":[0],"13":[0],"14":[0,0],"15":[0,0],"16":[0,0],"17":[0,0],"18":[0,0,0],"19":[0,0],"20":[0,0],"21":[0,0],"22":[0,0],"23":[0],"24":[0],"25":[0],"26":[0,0],"27":[0],"28":[0,0],"29":[0,0],"30":[0],"31":[0,0,0],"32":[0],"33":[0,0],"34":[0],"35":[0],"36":[0],"37":[0],"38":[0],"39":[0],"40":[0],"41":[0],"42":[0],"43":[0,0],"44":[0],"45":[0,0],"46":[0,0],"47":[0],"48":[0],"49":[2,1]}}
}
