{"/home/srcgrp/Documents/Cline/MCP/jira-cline-mcp/src/server.ts": {"path":"/home/srcgrp/Documents/Cline/MCP/jira-cline-mcp/src/server.ts","statementMap":{"0":{"start":{"line":9,"column":0},"end":{"line":9,"column":16}},"1":{"start":{"line":11,"column":12},"end":{"line":11,"column":21}},"2":{"start":{"line":14,"column":18},"end":{"line":14,"column":39}},"3":{"start":{"line":15,"column":19},"end":{"line":15,"column":41}},"4":{"start":{"line":16,"column":23},"end":{"line":16,"column":49}},"5":{"start":{"line":18,"column":0},"end":{"line":22,"column":1}},"6":{"start":{"line":19,"column":2},"end":{"line":19,"column":104}},"7":{"start":{"line":20,"column":2},"end":{"line":20,"column":64}},"8":{"start":{"line":21,"column":2},"end":{"line":21,"column":18}},"9":{"start":{"line":25,"column":19},"end":{"line":30,"column":2}},"10":{"start":{"line":32,"column":20},"end":{"line":37,"column":2}},"11":{"start":{"line":40,"column":14},"end":{"line":204,"column":2}},"12":{"start":{"line":207,"column":23},"end":{"line":207,"column":32}},"13":{"start":{"line":208,"column":0},"end":{"line":212,"column":3}},"14":{"start":{"line":209,"column":2},"end":{"line":211,"column":3}},"15":{"start":{"line":210,"column":4},"end":{"line":210,"column":65}},"16":{"start":{"line":215,"column":15},"end":{"line":225,"column":null}},"17":{"start":{"line":229,"column":0},"end":{"line":231,"column":3}},"18":{"start":{"line":230,"column":2},"end":{"line":230,"column":19}},"19":{"start":{"line":233,"column":0},"end":{"line":547,"column":3}},"20":{"start":{"line":234,"column":36},"end":{"line":234,"column":50}},"21":{"start":{"line":235,"column":2},"end":{"line":235,"column":93}},"22":{"start":{"line":238,"column":15},"end":{"line":238,"column":47}},"23":{"start":{"line":238,"column":31},"end":{"line":238,"column":46}},"24":{"start":{"line":239,"column":2},"end":{"line":241,"column":3}},"25":{"start":{"line":240,"column":4},"end":{"line":240,"column":78}},"26":{"start":{"line":244,"column":20},"end":{"line":244,"column":44}},"27":{"start":{"line":245,"column":2},"end":{"line":251,"column":3}},"28":{"start":{"line":246,"column":4},"end":{"line":246,"column":91}},"29":{"start":{"line":247,"column":4},"end":{"line":250,"column":6}},"30":{"start":{"line":254,"column":2},"end":{"line":546,"column":3}},"31":{"start":{"line":257,"column":4},"end":{"line":520,"column":5}},"32":{"start":{"line":259,"column":8},"end":{"line":259,"column":86}},"33":{"start":{"line":261,"column":8},"end":{"line":261,"column":92}},"34":{"start":{"line":262,"column":8},"end":{"line":262,"column":14}},"35":{"start":{"line":266,"column":18},"end":{"line":266,"column":20}},"36":{"start":{"line":267,"column":8},"end":{"line":303,"column":9}},"37":{"start":{"line":271,"column":26},"end":{"line":273,"column":28}},"38":{"start":{"line":275,"column":10},"end":{"line":280,"column":11}},"39":{"start":{"line":276,"column":12},"end":{"line":279,"column":14}},"40":{"start":{"line":282,"column":24},"end":{"line":282,"column":69}},"41":{"start":{"line":285,"column":25},"end":{"line":285,"column":78}},"42":{"start":{"line":286,"column":10},"end":{"line":288,"column":11}},"43":{"start":{"line":287,"column":12},"end":{"line":287,"column":101}},"44":{"start":{"line":291,"column":33},"end":{"line":291,"column":101}},"45":{"start":{"line":292,"column":25},"end":{"line":292,"column":69}},"46":{"start":{"line":293,"column":10},"end":{"line":295,"column":11}},"47":{"start":{"line":294,"column":12},"end":{"line":294,"column":108}},"48":{"start":{"line":297,"column":10},"end":{"line":297,"column":74}},"49":{"start":{"line":298,"column":15},"end":{"line":303,"column":9}},"50":{"start":{"line":300,"column":10},"end":{"line":300,"column":111}},"51":{"start":{"line":302,"column":10},"end":{"line":302,"column":105}},"52":{"start":{"line":304,"column":8},"end":{"line":304,"column":79}},"53":{"start":{"line":305,"column":8},"end":{"line":305,"column":14}},"54":{"start":{"line":309,"column":53},"end":{"line":309,"column":57}},"55":{"start":{"line":312,"column":8},"end":{"line":321,"column":9}},"56":{"start":{"line":314,"column":12},"end":{"line":314,"column":52}},"57":{"start":{"line":315,"column":12},"end":{"line":315,"column":18}},"58":{"start":{"line":317,"column":12},"end":{"line":317,"column":83}},"59":{"start":{"line":318,"column":12},"end":{"line":318,"column":18}},"60":{"start":{"line":320,"column":12},"end":{"line":320,"column":50}},"61":{"start":{"line":323,"column":20},"end":{"line":323,"column":81}},"62":{"start":{"line":324,"column":8},"end":{"line":324,"column":79}},"63":{"start":{"line":325,"column":8},"end":{"line":325,"column":14}},"64":{"start":{"line":329,"column":79},"end":{"line":329,"column":83}},"65":{"start":{"line":331,"column":36},"end":{"line":331,"column":38}},"66":{"start":{"line":333,"column":8},"end":{"line":333,"column":54}},"67":{"start":{"line":333,"column":21},"end":{"line":333,"column":54}},"68":{"start":{"line":334,"column":8},"end":{"line":334,"column":66}},"69":{"start":{"line":334,"column":25},"end":{"line":334,"column":66}},"70":{"start":{"line":337,"column":8},"end":{"line":340,"column":9}},"71":{"start":{"line":339,"column":10},"end":{"line":339,"column":60}},"72":{"start":{"line":343,"column":8},"end":{"line":355,"column":9}},"73":{"start":{"line":344,"column":10},"end":{"line":354,"column":11}},"74":{"start":{"line":345,"column":31},"end":{"line":345,"column":79}},"75":{"start":{"line":346,"column":34},"end":{"line":346,"column":104}},"76":{"start":{"line":346,"column":55},"end":{"line":346,"column":103}},"77":{"start":{"line":347,"column":12},"end":{"line":351,"column":13}},"78":{"start":{"line":348,"column":14},"end":{"line":348,"column":65}},"79":{"start":{"line":350,"column":14},"end":{"line":350,"column":81}},"80":{"start":{"line":353,"column":12},"end":{"line":353,"column":107}},"81":{"start":{"line":360,"column":8},"end":{"line":373,"column":9}},"82":{"start":{"line":361,"column":10},"end":{"line":372,"column":11}},"83":{"start":{"line":362,"column":32},"end":{"line":362,"column":98}},"84":{"start":{"line":363,"column":37},"end":{"line":363,"column":123}},"85":{"start":{"line":363,"column":72},"end":{"line":363,"column":122}},"86":{"start":{"line":364,"column":12},"end":{"line":369,"column":13}},"87":{"start":{"line":365,"column":14},"end":{"line":365,"column":49}},"88":{"start":{"line":367,"column":14},"end":{"line":367,"column":183}},"89":{"start":{"line":367,"column":157},"end":{"line":367,"column":167}},"90":{"start":{"line":371,"column":12},"end":{"line":371,"column":112}},"91":{"start":{"line":376,"column":8},"end":{"line":385,"column":9}},"92":{"start":{"line":377,"column":10},"end":{"line":377,"column":99}},"93":{"start":{"line":378,"column":10},"end":{"line":381,"column":13}},"94":{"start":{"line":382,"column":15},"end":{"line":385,"column":9}},"95":{"start":{"line":384,"column":10},"end":{"line":384,"column":137}},"96":{"start":{"line":388,"column":8},"end":{"line":394,"column":9}},"97":{"start":{"line":389,"column":10},"end":{"line":389,"column":114}},"98":{"start":{"line":390,"column":10},"end":{"line":393,"column":13}},"99":{"start":{"line":397,"column":8},"end":{"line":397,"column":78}},"100":{"start":{"line":398,"column":8},"end":{"line":398,"column":14}},"101":{"start":{"line":402,"column":8},"end":{"line":402,"column":58}},"102":{"start":{"line":403,"column":8},"end":{"line":403,"column":14}},"103":{"start":{"line":406,"column":8},"end":{"line":406,"column":64}},"104":{"start":{"line":407,"column":8},"end":{"line":407,"column":14}},"105":{"start":{"line":410,"column":8},"end":{"line":410,"column":69}},"106":{"start":{"line":411,"column":8},"end":{"line":411,"column":14}},"107":{"start":{"line":414,"column":22},"end":{"line":414,"column":97}},"108":{"start":{"line":416,"column":27},"end":{"line":416,"column":41}},"109":{"start":{"line":417,"column":8},"end":{"line":422,"column":9}},"110":{"start":{"line":418,"column":10},"end":{"line":418,"column":33}},"111":{"start":{"line":421,"column":10},"end":{"line":421,"column":101}},"112":{"start":{"line":423,"column":8},"end":{"line":423,"column":14}},"113":{"start":{"line":427,"column":104},"end":{"line":427,"column":108}},"114":{"start":{"line":430,"column":24},"end":{"line":430,"column":92}},"115":{"start":{"line":431,"column":8},"end":{"line":433,"column":9}},"116":{"start":{"line":432,"column":10},"end":{"line":432,"column":106}},"117":{"start":{"line":436,"column":27},"end":{"line":436,"column":73}},"118":{"start":{"line":437,"column":26},"end":{"line":437,"column":99}},"119":{"start":{"line":437,"column":48},"end":{"line":437,"column":98}},"120":{"start":{"line":438,"column":8},"end":{"line":440,"column":9}},"121":{"start":{"line":439,"column":10},"end":{"line":439,"column":94}},"122":{"start":{"line":444,"column":8},"end":{"line":457,"column":9}},"123":{"start":{"line":445,"column":10},"end":{"line":456,"column":11}},"124":{"start":{"line":446,"column":31},"end":{"line":446,"column":79}},"125":{"start":{"line":447,"column":34},"end":{"line":447,"column":104}},"126":{"start":{"line":447,"column":55},"end":{"line":447,"column":103}},"127":{"start":{"line":448,"column":12},"end":{"line":453,"column":13}},"128":{"start":{"line":449,"column":14},"end":{"line":449,"column":104}},"129":{"start":{"line":452,"column":14},"end":{"line":452,"column":44}},"130":{"start":{"line":455,"column":12},"end":{"line":455,"column":130}},"131":{"start":{"line":460,"column":49},"end":{"line":460,"column":51}},"132":{"start":{"line":461,"column":8},"end":{"line":477,"column":9}},"133":{"start":{"line":462,"column":10},"end":{"line":476,"column":11}},"134":{"start":{"line":463,"column":38},"end":{"line":463,"column":125}},"135":{"start":{"line":464,"column":12},"end":{"line":473,"column":94}},"136":{"start":{"line":466,"column":34},"end":{"line":466,"column":113}},"137":{"start":{"line":466,"column":63},"end":{"line":466,"column":112}},"138":{"start":{"line":467,"column":16},"end":{"line":470,"column":17}},"139":{"start":{"line":468,"column":18},"end":{"line":468,"column":104}},"140":{"start":{"line":469,"column":18},"end":{"line":469,"column":30}},"141":{"start":{"line":471,"column":16},"end":{"line":471,"column":44}},"142":{"start":{"line":473,"column":79},"end":{"line":473,"column":92}},"143":{"start":{"line":475,"column":12},"end":{"line":475,"column":142}},"144":{"start":{"line":480,"column":28},"end":{"line":484,"column":10}},"145":{"start":{"line":487,"column":8},"end":{"line":487,"column":58}},"146":{"start":{"line":487,"column":25},"end":{"line":487,"column":58}},"147":{"start":{"line":488,"column":8},"end":{"line":488,"column":64}},"148":{"start":{"line":488,"column":22},"end":{"line":488,"column":64}},"149":{"start":{"line":489,"column":8},"end":{"line":489,"column":43}},"150":{"start":{"line":489,"column":20},"end":{"line":489,"column":43}},"151":{"start":{"line":490,"column":8},"end":{"line":490,"column":78}},"152":{"start":{"line":490,"column":41},"end":{"line":490,"column":78}},"153":{"start":{"line":491,"column":8},"end":{"line":491,"column":61}},"154":{"start":{"line":491,"column":24},"end":{"line":491,"column":61}},"155":{"start":{"line":494,"column":8},"end":{"line":494,"column":65}},"156":{"start":{"line":495,"column":8},"end":{"line":495,"column":14}},"157":{"start":{"line":499,"column":8},"end":{"line":503,"column":11}},"158":{"start":{"line":505,"column":8},"end":{"line":508,"column":10}},"159":{"start":{"line":509,"column":8},"end":{"line":509,"column":14}},"160":{"start":{"line":513,"column":29},"end":{"line":513,"column":33}},"161":{"start":{"line":514,"column":8},"end":{"line":514,"column":78}},"162":{"start":{"line":515,"column":8},"end":{"line":515,"column":14}},"163":{"start":{"line":519,"column":8},"end":{"line":519,"column":100}},"164":{"start":{"line":522,"column":4},"end":{"line":522,"column":57}},"165":{"start":{"line":523,"column":4},"end":{"line":525,"column":6}},"166":{"start":{"line":527,"column":4},"end":{"line":527,"column":58}},"167":{"start":{"line":529,"column":25},"end":{"line":529,"column":106}},"168":{"start":{"line":530,"column":23},"end":{"line":530,"column":43}},"169":{"start":{"line":532,"column":23},"end":{"line":532,"column":46}},"170":{"start":{"line":533,"column":4},"end":{"line":539,"column":5}},"171":{"start":{"line":534,"column":6},"end":{"line":534,"column":45}},"172":{"start":{"line":535,"column":11},"end":{"line":539,"column":5}},"173":{"start":{"line":536,"column":6},"end":{"line":536,"column":46}},"174":{"start":{"line":537,"column":11},"end":{"line":539,"column":5}},"175":{"start":{"line":538,"column":6},"end":{"line":538,"column":46}},"176":{"start":{"line":541,"column":4},"end":{"line":545,"column":6}},"177":{"start":{"line":550,"column":0},"end":{"line":550,"column":76}},"178":{"start":{"line":550,"column":33},"end":{"line":550,"column":75}},"179":{"start":{"line":553,"column":0},"end":{"line":557,"column":3}},"180":{"start":{"line":554,"column":2},"end":{"line":554,"column":52}},"181":{"start":{"line":555,"column":2},"end":{"line":555,"column":23}},"182":{"start":{"line":556,"column":2},"end":{"line":556,"column":18}},"183":{"start":{"line":561,"column":20},"end":{"line":561,"column":46}},"184":{"start":{"line":562,"column":2},"end":{"line":562,"column":34}},"185":{"start":{"line":563,"column":2},"end":{"line":563,"column":68}}},"fnMap":{"0":{"name":"(anonymous_0)","decl":{"start":{"line":208,"column":14},"end":{"line":208,"column":18}},"loc":{"start":{"line":208,"column":21},"end":{"line":212,"column":1}}},"1":{"name":"(anonymous_1)","decl":{"start":{"line":229,"column":49},"end":{"line":229,"column":54}},"loc":{"start":{"line":229,"column":60},"end":{"line":231,"column":1}}},"2":{"name":"(anonymous_2)","decl":{"start":{"line":233,"column":48},"end":{"line":233,"column":53}},"loc":{"start":{"line":233,"column":71},"end":{"line":547,"column":1}}},"3":{"name":"(anonymous_3)","decl":{"start":{"line":238,"column":26},"end":{"line":238,"column":27}},"loc":{"start":{"line":238,"column":31},"end":{"line":238,"column":46}}},"4":{"name":"(anonymous_4)","decl":{"start":{"line":346,"column":50},"end":{"line":346,"column":51}},"loc":{"start":{"line":346,"column":55},"end":{"line":346,"column":103}}},"5":{"name":"(anonymous_5)","decl":{"start":{"line":363,"column":67},"end":{"line":363,"column":68}},"loc":{"start":{"line":363,"column":72},"end":{"line":363,"column":122}}},"6":{"name":"(anonymous_6)","decl":{"start":{"line":367,"column":152},"end":{"line":367,"column":153}},"loc":{"start":{"line":367,"column":157},"end":{"line":367,"column":167}}},"7":{"name":"(anonymous_7)","decl":{"start":{"line":437,"column":42},"end":{"line":437,"column":44}},"loc":{"start":{"line":437,"column":48},"end":{"line":437,"column":98}}},"8":{"name":"(anonymous_8)","decl":{"start":{"line":447,"column":50},"end":{"line":447,"column":51}},"loc":{"start":{"line":447,"column":55},"end":{"line":447,"column":103}}},"9":{"name":"(anonymous_9)","decl":{"start":{"line":465,"column":19},"end":{"line":465,"column":20}},"loc":{"start":{"line":465,"column":40},"end":{"line":472,"column":15}}},"10":{"name":"(anonymous_10)","decl":{"start":{"line":466,"column":57},"end":{"line":466,"column":59}},"loc":{"start":{"line":466,"column":63},"end":{"line":466,"column":112}}},"11":{"name":"(anonymous_11)","decl":{"start":{"line":473,"column":22},"end":{"line":473,"column":23}},"loc":{"start":{"line":473,"column":79},"end":{"line":473,"column":92}}},"12":{"name":"(anonymous_12)","decl":{"start":{"line":550,"column":17},"end":{"line":550,"column":18}},"loc":{"start":{"line":550,"column":33},"end":{"line":550,"column":75}}},"13":{"name":"(anonymous_13)","decl":{"start":{"line":553,"column":21},"end":{"line":553,"column":26}},"loc":{"start":{"line":553,"column":32},"end":{"line":557,"column":1}}},"14":{"name":"start","decl":{"start":{"line":560,"column":22},"end":{"line":560,"column":27}},"loc":{"start":{"line":560,"column":27},"end":{"line":564,"column":1}}}},"branchMap":{"0":{"loc":{"start":{"line":18,"column":0},"end":{"line":22,"column":1}},"type":"if","locations":[{"start":{"line":18,"column":0},"end":{"line":22,"column":1}}]},"1":{"loc":{"start":{"line":18,"column":4},"end":{"line":18,"column":48}},"type":"binary-expr","locations":[{"start":{"line":18,"column":4},"end":{"line":18,"column":14}},{"start":{"line":18,"column":18},"end":{"line":18,"column":29}},{"start":{"line":18,"column":33},"end":{"line":18,"column":48}}]},"2":{"loc":{"start":{"line":209,"column":2},"end":{"line":211,"column":3}},"type":"if","locations":[{"start":{"line":209,"column":2},"end":{"line":211,"column":3}}]},"3":{"loc":{"start":{"line":239,"column":2},"end":{"line":241,"column":3}},"type":"if","locations":[{"start":{"line":239,"column":2},"end":{"line":241,"column":3}}]},"4":{"loc":{"start":{"line":245,"column":2},"end":{"line":251,"column":3}},"type":"if","locations":[{"start":{"line":245,"column":2},"end":{"line":251,"column":3}}]},"5":{"loc":{"start":{"line":245,"column":6},"end":{"line":245,"column":35}},"type":"binary-expr","locations":[{"start":{"line":245,"column":6},"end":{"line":245,"column":15}},{"start":{"line":245,"column":19},"end":{"line":245,"column":35}}]},"6":{"loc":{"start":{"line":257,"column":4},"end":{"line":520,"column":5}},"type":"switch","locations":[{"start":{"line":258,"column":6},"end":{"line":263,"column":7}},{"start":{"line":265,"column":6},"end":{"line":306,"column":7}},{"start":{"line":308,"column":6},"end":{"line":326,"column":7}},{"start":{"line":328,"column":6},"end":{"line":399,"column":7}},{"start":{"line":401,"column":6},"end":{"line":403,"column":14}},{"start":{"line":405,"column":6},"end":{"line":407,"column":14}},{"start":{"line":409,"column":6},"end":{"line":411,"column":14}},{"start":{"line":413,"column":6},"end":{"line":424,"column":7}},{"start":{"line":426,"column":6},"end":{"line":496,"column":7}},{"start":{"line":498,"column":6},"end":{"line":510,"column":7}},{"start":{"line":512,"column":6},"end":{"line":516,"column":7}},{"start":{"line":518,"column":6},"end":{"line":519,"column":100}}]},"7":{"loc":{"start":{"line":267,"column":8},"end":{"line":303,"column":9}},"type":"if","locations":[{"start":{"line":267,"column":8},"end":{"line":303,"column":9}},{"start":{"line":298,"column":15},"end":{"line":303,"column":9}}]},"8":{"loc":{"start":{"line":271,"column":26},"end":{"line":273,"column":28}},"type":"cond-expr","locations":[{"start":{"line":272,"column":14},"end":{"line":272,"column":42}},{"start":{"line":273,"column":14},"end":{"line":273,"column":28}}]},"9":{"loc":{"start":{"line":275,"column":10},"end":{"line":280,"column":11}},"type":"if","locations":[{"start":{"line":275,"column":10},"end":{"line":280,"column":11}}]},"10":{"loc":{"start":{"line":275,"column":14},"end":{"line":275,"column":56}},"type":"binary-expr","locations":[{"start":{"line":275,"column":14},"end":{"line":275,"column":40}},{"start":{"line":275,"column":44},"end":{"line":275,"column":56}}]},"11":{"loc":{"start":{"line":286,"column":10},"end":{"line":288,"column":11}},"type":"if","locations":[{"start":{"line":286,"column":10},"end":{"line":288,"column":11}}]},"12":{"loc":{"start":{"line":293,"column":10},"end":{"line":295,"column":11}},"type":"if","locations":[{"start":{"line":293,"column":10},"end":{"line":295,"column":11}}]},"13":{"loc":{"start":{"line":297,"column":16},"end":{"line":297,"column":73}},"type":"cond-expr","locations":[{"start":{"line":297,"column":27},"end":{"line":297,"column":60}},{"start":{"line":297,"column":63},"end":{"line":297,"column":73}}]},"14":{"loc":{"start":{"line":298,"column":15},"end":{"line":303,"column":9}},"type":"if","locations":[{"start":{"line":298,"column":15},"end":{"line":303,"column":9}},{"start":{"line":301,"column":15},"end":{"line":303,"column":9}}]},"15":{"loc":{"start":{"line":300,"column":16},"end":{"line":300,"column":110}},"type":"cond-expr","locations":[{"start":{"line":300,"column":27},"end":{"line":300,"column":75}},{"start":{"line":300,"column":78},"end":{"line":300,"column":110}}]},"16":{"loc":{"start":{"line":312,"column":8},"end":{"line":321,"column":9}},"type":"switch","locations":[{"start":{"line":313,"column":10},"end":{"line":315,"column":18}},{"start":{"line":316,"column":10},"end":{"line":318,"column":18}},{"start":{"line":319,"column":10},"end":{"line":320,"column":50}}]},"17":{"loc":{"start":{"line":323,"column":20},"end":{"line":323,"column":81}},"type":"cond-expr","locations":[{"start":{"line":323,"column":36},"end":{"line":323,"column":71}},{"start":{"line":323,"column":74},"end":{"line":323,"column":81}}]},"18":{"loc":{"start":{"line":333,"column":8},"end":{"line":333,"column":54}},"type":"if","locations":[{"start":{"line":333,"column":8},"end":{"line":333,"column":54}}]},"19":{"loc":{"start":{"line":334,"column":8},"end":{"line":334,"column":66}},"type":"if","locations":[{"start":{"line":334,"column":8},"end":{"line":334,"column":66}}]},"20":{"loc":{"start":{"line":337,"column":8},"end":{"line":340,"column":9}},"type":"if","locations":[{"start":{"line":337,"column":8},"end":{"line":340,"column":9}}]},"21":{"loc":{"start":{"line":343,"column":8},"end":{"line":355,"column":9}},"type":"if","locations":[{"start":{"line":343,"column":8},"end":{"line":355,"column":9}}]},"22":{"loc":{"start":{"line":347,"column":12},"end":{"line":351,"column":13}},"type":"if","locations":[{"start":{"line":347,"column":12},"end":{"line":351,"column":13}},{"start":{"line":349,"column":19},"end":{"line":351,"column":13}}]},"23":{"loc":{"start":{"line":360,"column":8},"end":{"line":373,"column":9}},"type":"if","locations":[{"start":{"line":360,"column":8},"end":{"line":373,"column":9}}]},"24":{"loc":{"start":{"line":364,"column":12},"end":{"line":369,"column":13}},"type":"if","locations":[{"start":{"line":364,"column":12},"end":{"line":369,"column":13}},{"start":{"line":366,"column":19},"end":{"line":369,"column":13}}]},"25":{"loc":{"start":{"line":376,"column":8},"end":{"line":385,"column":9}},"type":"if","locations":[{"start":{"line":376,"column":8},"end":{"line":385,"column":9}},{"start":{"line":382,"column":15},"end":{"line":385,"column":9}}]},"26":{"loc":{"start":{"line":382,"column":15},"end":{"line":385,"column":9}},"type":"if","locations":[{"start":{"line":382,"column":15},"end":{"line":385,"column":9}}]},"27":{"loc":{"start":{"line":388,"column":8},"end":{"line":394,"column":9}},"type":"if","locations":[{"start":{"line":388,"column":8},"end":{"line":394,"column":9}}]},"28":{"loc":{"start":{"line":417,"column":8},"end":{"line":422,"column":9}},"type":"if","locations":[{"start":{"line":417,"column":8},"end":{"line":422,"column":9}},{"start":{"line":419,"column":15},"end":{"line":422,"column":9}}]},"29":{"loc":{"start":{"line":417,"column":12},"end":{"line":417,"column":107}},"type":"binary-expr","locations":[{"start":{"line":417,"column":12},"end":{"line":417,"column":33}},{"start":{"line":417,"column":37},"end":{"line":417,"column":107}}]},"30":{"loc":{"start":{"line":431,"column":8},"end":{"line":433,"column":9}},"type":"if","locations":[{"start":{"line":431,"column":8},"end":{"line":433,"column":9}}]},"31":{"loc":{"start":{"line":438,"column":8},"end":{"line":440,"column":9}},"type":"if","locations":[{"start":{"line":438,"column":8},"end":{"line":440,"column":9}}]},"32":{"loc":{"start":{"line":438,"column":12},"end":{"line":438,"column":39}},"type":"binary-expr","locations":[{"start":{"line":438,"column":12},"end":{"line":438,"column":22}},{"start":{"line":438,"column":26},"end":{"line":438,"column":39}}]},"33":{"loc":{"start":{"line":444,"column":8},"end":{"line":457,"column":9}},"type":"if","locations":[{"start":{"line":444,"column":8},"end":{"line":457,"column":9}}]},"34":{"loc":{"start":{"line":448,"column":12},"end":{"line":453,"column":13}},"type":"if","locations":[{"start":{"line":448,"column":12},"end":{"line":453,"column":13}},{"start":{"line":451,"column":19},"end":{"line":453,"column":13}}]},"35":{"loc":{"start":{"line":448,"column":16},"end":{"line":448,"column":51}},"type":"binary-expr","locations":[{"start":{"line":448,"column":16},"end":{"line":448,"column":30}},{"start":{"line":448,"column":34},"end":{"line":448,"column":51}}]},"36":{"loc":{"start":{"line":461,"column":8},"end":{"line":477,"column":9}},"type":"if","locations":[{"start":{"line":461,"column":8},"end":{"line":477,"column":9}}]},"37":{"loc":{"start":{"line":461,"column":12},"end":{"line":461,"column":61}},"type":"binary-expr","locations":[{"start":{"line":461,"column":12},"end":{"line":461,"column":22}},{"start":{"line":461,"column":26},"end":{"line":461,"column":47}},{"start":{"line":461,"column":51},"end":{"line":461,"column":61}}]},"38":{"loc":{"start":{"line":467,"column":16},"end":{"line":470,"column":17}},"type":"if","locations":[{"start":{"line":467,"column":16},"end":{"line":470,"column":17}}]},"39":{"loc":{"start":{"line":467,"column":20},"end":{"line":467,"column":47}},"type":"binary-expr","locations":[{"start":{"line":467,"column":20},"end":{"line":467,"column":30}},{"start":{"line":467,"column":34},"end":{"line":467,"column":47}}]},"40":{"loc":{"start":{"line":487,"column":8},"end":{"line":487,"column":58}},"type":"if","locations":[{"start":{"line":487,"column":8},"end":{"line":487,"column":58}}]},"41":{"loc":{"start":{"line":488,"column":8},"end":{"line":488,"column":64}},"type":"if","locations":[{"start":{"line":488,"column":8},"end":{"line":488,"column":64}}]},"42":{"loc":{"start":{"line":489,"column":8},"end":{"line":489,"column":43}},"type":"if","locations":[{"start":{"line":489,"column":8},"end":{"line":489,"column":43}}]},"43":{"loc":{"start":{"line":490,"column":8},"end":{"line":490,"column":78}},"type":"if","locations":[{"start":{"line":490,"column":8},"end":{"line":490,"column":78}}]},"44":{"loc":{"start":{"line":491,"column":8},"end":{"line":491,"column":61}},"type":"if","locations":[{"start":{"line":491,"column":8},"end":{"line":491,"column":61}}]},"45":{"loc":{"start":{"line":529,"column":25},"end":{"line":529,"column":106}},"type":"binary-expr","locations":[{"start":{"line":529,"column":25},"end":{"line":529,"column":57}},{"start":{"line":529,"column":61},"end":{"line":529,"column":75}},{"start":{"line":529,"column":79},"end":{"line":529,"column":106}}]},"46":{"loc":{"start":{"line":530,"column":23},"end":{"line":530,"column":43}},"type":"binary-expr","locations":[{"start":{"line":530,"column":23},"end":{"line":530,"column":36}},{"start":{"line":530,"column":40},"end":{"line":530,"column":43}}]},"47":{"loc":{"start":{"line":533,"column":4},"end":{"line":539,"column":5}},"type":"if","locations":[{"start":{"line":533,"column":4},"end":{"line":539,"column":5}},{"start":{"line":535,"column":11},"end":{"line":539,"column":5}}]},"48":{"loc":{"start":{"line":535,"column":11},"end":{"line":539,"column":5}},"type":"if","locations":[{"start":{"line":535,"column":11},"end":{"line":539,"column":5}},{"start":{"line":537,"column":11},"end":{"line":539,"column":5}}]},"49":{"loc":{"start":{"line":535,"column":15},"end":{"line":535,"column":55}},"type":"binary-expr","locations":[{"start":{"line":535,"column":15},"end":{"line":535,"column":33}},{"start":{"line":535,"column":37},"end":{"line":535,"column":55}}]},"50":{"loc":{"start":{"line":537,"column":11},"end":{"line":539,"column":5}},"type":"if","locations":[{"start":{"line":537,"column":11},"end":{"line":539,"column":5}}]}},"s":{"0":1,"1":1,"2":1,"3":1,"4":1,"5":1,"6":0,"7":0,"8":0,"9":1,"10":1,"11":1,"12":1,"13":1,"14":11,"15":11,"16":1,"17":1,"18":0,"19":1,"20":0,"21":0,"22":0,"23":0,"24":0,"25":0,"26":0,"27":0,"28":0,"29":0,"30":0,"31":0,"32":0,"33":0,"34":0,"35":0,"36":0,"37":0,"38":0,"39":0,"40":0,"41":0,"42":0,"43":0,"44":0,"45":0,"46":0,"47":0,"48":0,"49":0,"50":0,"51":0,"52":0,"53":0,"54":0,"55":0,"56":0,"57":0,"58":0,"59":0,"60":0,"61":0,"62":0,"63":0,"64":0,"65":0,"66":0,"67":0,"68":0,"69":0,"70":0,"71":0,"72":0,"73":0,"74":0,"75":0,"76":0,"77":0,"78":0,"79":0,"80":0,"81":0,"82":0,"83":0,"84":0,"85":0,"86":0,"87":0,"88":0,"89":0,"90":0,"91":0,"92":0,"93":0,"94":0,"95":0,"96":0,"97":0,"98":0,"99":0,"100":0,"101":0,"102":0,"103":0,"104":0,"105":0,"106":0,"107":0,"108":0,"109":0,"110":0,"111":0,"112":0,"113":0,"114":0,"115":0,"116":0,"117":0,"118":0,"119":0,"120":0,"121":0,"122":0,"123":0,"124":0,"125":0,"126":0,"127":0,"128":0,"129":0,"130":0,"131":0,"132":0,"133":0,"134":0,"135":0,"136":0,"137":0,"138":0,"139":0,"140":0,"141":0,"142":0,"143":0,"144":0,"145":0,"146":0,"147":0,"148":0,"149":0,"150":0,"151":0,"152":0,"153":0,"154":0,"155":0,"156":0,"157":0,"158":0,"159":0,"160":0,"161":0,"162":0,"163":0,"164":0,"165":0,"166":0,"167":0,"168":0,"169":0,"170":0,"171":0,"172":0,"173":0,"174":0,"175":0,"176":0,"177":1,"178":0,"179":1,"180":0,"181":0,"182":0,"183":1,"184":1,"185":1},"f":{"0":11,"1":0,"2":0,"3":0,"4":0,"5":0,"6":0,"7":0,"8":0,"9":0,"10":0,"11":0,"12":0,"13":0,"14":1},"b":{"0":[0],"1":[1,1,1],"2":[11],"3":[0],"4":[0],"5":[0,0],"6":[0,0,0,0,0,0,0,0,0,0,0,0],"7":[0,0],"8":[0,0],"9":[0],"10":[0,0],"11":[0],"12":[0],"13":[0,0],"14":[0,0],"15":[0,0],"16":[0,0,0],"17":[0,0],"18":[0],"19":[0],"20":[0],"21":[0],"22":[0,0],"23":[0],"24":[0,0],"25":[0,0],"26":[0],"27":[0],"28":[0,0],"29":[0,0],"30":[0],"31":[0],"32":[0,0],"33":[0],"34":[0,0],"35":[0,0],"36":[0],"37":[0,0,0],"38":[0],"39":[0,0],"40":[0],"41":[0],"42":[0],"43":[0],"44":[0],"45":[0,0,0],"46":[0,0],"47":[0,0],"48":[0,0],"49":[0,0],"50":[0]}}
}
