TN:
SF:src/server.ts
FN:208,(anonymous_0)
FN:229,(anonymous_1)
FN:233,(anonymous_2)
FN:238,(anonymous_3)
FN:346,(anonymous_4)
FN:363,(anonymous_5)
FN:367,(anonymous_6)
FN:437,(anonymous_7)
FN:447,(anonymous_8)
FN:465,(anonymous_9)
FN:466,(anonymous_10)
FN:473,(anonymous_11)
FN:550,(anonymous_12)
FN:553,(anonymous_13)
FN:560,start
FNF:15
FNH:2
FNDA:11,(anonymous_0)
FNDA:0,(anonymous_1)
FNDA:0,(anonymous_2)
FNDA:0,(anonymous_3)
FNDA:0,(anonymous_4)
FNDA:0,(anonymous_5)
FNDA:0,(anonymous_6)
FNDA:0,(anonymous_7)
FNDA:0,(anonymous_8)
FNDA:0,(anonymous_9)
FNDA:0,(anonymous_10)
FNDA:0,(anonymous_11)
FNDA:0,(anonymous_12)
FNDA:0,(anonymous_13)
FNDA:1,start
DA:9,1
DA:11,1
DA:14,1
DA:15,1
DA:16,1
DA:18,1
DA:19,0
DA:20,0
DA:21,0
DA:25,1
DA:32,1
DA:40,1
DA:207,1
DA:208,1
DA:209,11
DA:210,11
DA:215,1
DA:229,1
DA:230,0
DA:233,1
DA:234,0
DA:235,0
DA:238,0
DA:239,0
DA:240,0
DA:244,0
DA:245,0
DA:246,0
DA:247,0
DA:254,0
DA:257,0
DA:259,0
DA:261,0
DA:262,0
DA:266,0
DA:267,0
DA:271,0
DA:275,0
DA:276,0
DA:282,0
DA:285,0
DA:286,0
DA:287,0
DA:291,0
DA:292,0
DA:293,0
DA:294,0
DA:297,0
DA:298,0
DA:300,0
DA:302,0
DA:304,0
DA:305,0
DA:309,0
DA:312,0
DA:314,0
DA:315,0
DA:317,0
DA:318,0
DA:320,0
DA:323,0
DA:324,0
DA:325,0
DA:329,0
DA:331,0
DA:333,0
DA:334,0
DA:337,0
DA:339,0
DA:343,0
DA:344,0
DA:345,0
DA:346,0
DA:347,0
DA:348,0
DA:350,0
DA:353,0
DA:360,0
DA:361,0
DA:362,0
DA:363,0
DA:364,0
DA:365,0
DA:367,0
DA:371,0
DA:376,0
DA:377,0
DA:378,0
DA:382,0
DA:384,0
DA:388,0
DA:389,0
DA:390,0
DA:397,0
DA:398,0
DA:402,0
DA:403,0
DA:406,0
DA:407,0
DA:410,0
DA:411,0
DA:414,0
DA:416,0
DA:417,0
DA:418,0
DA:421,0
DA:423,0
DA:427,0
DA:430,0
DA:431,0
DA:432,0
DA:436,0
DA:437,0
DA:438,0
DA:439,0
DA:444,0
DA:445,0
DA:446,0
DA:447,0
DA:448,0
DA:449,0
DA:452,0
DA:455,0
DA:460,0
DA:461,0
DA:462,0
DA:463,0
DA:464,0
DA:466,0
DA:467,0
DA:468,0
DA:469,0
DA:471,0
DA:473,0
DA:475,0
DA:480,0
DA:487,0
DA:488,0
DA:489,0
DA:490,0
DA:491,0
DA:494,0
DA:495,0
DA:499,0
DA:505,0
DA:509,0
DA:513,0
DA:514,0
DA:515,0
DA:519,0
DA:522,0
DA:523,0
DA:527,0
DA:529,0
DA:530,0
DA:532,0
DA:533,0
DA:534,0
DA:535,0
DA:536,0
DA:537,0
DA:538,0
DA:541,0
DA:550,1
DA:553,1
DA:554,0
DA:555,0
DA:556,0
DA:561,1
DA:562,1
DA:563,1
LF:171
LH:21
BRDA:18,0,0,0
BRDA:18,1,0,1
BRDA:18,1,1,1
BRDA:18,1,2,1
BRDA:209,2,0,11
BRDA:239,3,0,0
BRDA:245,4,0,0
BRDA:245,5,0,0
BRDA:245,5,1,0
BRDA:257,6,0,0
BRDA:257,6,1,0
BRDA:257,6,2,0
BRDA:257,6,3,0
BRDA:257,6,4,0
BRDA:257,6,5,0
BRDA:257,6,6,0
BRDA:257,6,7,0
BRDA:257,6,8,0
BRDA:257,6,9,0
BRDA:257,6,10,0
BRDA:257,6,11,0
BRDA:267,7,0,0
BRDA:267,7,1,0
BRDA:271,8,0,0
BRDA:271,8,1,0
BRDA:275,9,0,0
BRDA:275,10,0,0
BRDA:275,10,1,0
BRDA:286,11,0,0
BRDA:293,12,0,0
BRDA:297,13,0,0
BRDA:297,13,1,0
BRDA:298,14,0,0
BRDA:298,14,1,0
BRDA:300,15,0,0
BRDA:300,15,1,0
BRDA:312,16,0,0
BRDA:312,16,1,0
BRDA:312,16,2,0
BRDA:323,17,0,0
BRDA:323,17,1,0
BRDA:333,18,0,0
BRDA:334,19,0,0
BRDA:337,20,0,0
BRDA:343,21,0,0
BRDA:347,22,0,0
BRDA:347,22,1,0
BRDA:360,23,0,0
BRDA:364,24,0,0
BRDA:364,24,1,0
BRDA:376,25,0,0
BRDA:376,25,1,0
BRDA:382,26,0,0
BRDA:388,27,0,0
BRDA:417,28,0,0
BRDA:417,28,1,0
BRDA:417,29,0,0
BRDA:417,29,1,0
BRDA:431,30,0,0
BRDA:438,31,0,0
BRDA:438,32,0,0
BRDA:438,32,1,0
BRDA:444,33,0,0
BRDA:448,34,0,0
BRDA:448,34,1,0
BRDA:448,35,0,0
BRDA:448,35,1,0
BRDA:461,36,0,0
BRDA:461,37,0,0
BRDA:461,37,1,0
BRDA:461,37,2,0
BRDA:467,38,0,0
BRDA:467,39,0,0
BRDA:467,39,1,0
BRDA:487,40,0,0
BRDA:488,41,0,0
BRDA:489,42,0,0
BRDA:490,43,0,0
BRDA:491,44,0,0
BRDA:529,45,0,0
BRDA:529,45,1,0
BRDA:529,45,2,0
BRDA:530,46,0,0
BRDA:530,46,1,0
BRDA:533,47,0,0
BRDA:533,47,1,0
BRDA:535,48,0,0
BRDA:535,48,1,0
BRDA:535,49,0,0
BRDA:535,49,1,0
BRDA:537,50,0,0
BRF:91
BRH:4
end_of_record
