TN:
SF:src/index.ts
FN:193,(anonymous_0)
FN:211,(anonymous_1)
FN:212,(anonymous_2)
FN:219,(anonymous_3)
FN:221,(anonymous_4)
FN:228,(anonymous_5)
FN:231,(anonymous_6)
FN:236,(anonymous_7)
FN:380,(anonymous_8)
FN:400,(anonymous_9)
FN:415,(anonymous_10)
FN:433,(anonymous_11)
FN:434,(anonymous_12)
FN:441,(anonymous_13)
FN:471,(anonymous_14)
FN:490,(anonymous_15)
FN:507,(anonymous_16)
FN:511,(anonymous_17)
FN:552,(anonymous_18)
FN:558,(anonymous_19)
FN:565,(anonymous_20)
FN:575,oo_cm
FNF:22
FNH:6
FNDA:2,(anonymous_0)
FNDA:0,(anonymous_1)
FNDA:0,(anonymous_2)
FNDA:2,(anonymous_3)
FNDA:18,(anonymous_4)
FNDA:0,(anonymous_5)
FNDA:0,(anonymous_6)
FNDA:0,(anonymous_7)
FNDA:0,(anonymous_8)
FNDA:0,(anonymous_9)
FNDA:0,(anonymous_10)
FNDA:0,(anonymous_11)
FNDA:0,(anonymous_12)
FNDA:0,(anonymous_13)
FNDA:0,(anonymous_14)
FNDA:0,(anonymous_15)
FNDA:0,(anonymous_16)
FNDA:0,(anonymous_17)
FNDA:2,(anonymous_18)
FNDA:1,(anonymous_19)
FNDA:0,(anonymous_20)
FNDA:2,oo_cm
DA:17,1
DA:19,1
DA:22,1
DA:23,1
DA:24,1
DA:26,1
DA:27,0
DA:30,0
DA:31,0
DA:35,1
DA:46,1
DA:57,1
DA:194,2
DA:207,2
DA:208,2
DA:211,2
DA:212,2
DA:213,0
DA:214,0
DA:215,0
DA:221,2
DA:222,18
DA:223,18
DA:228,2
DA:231,2
DA:232,0
DA:233,0
DA:234,0
DA:236,0
DA:237,0
DA:238,0
DA:242,0
DA:243,0
DA:244,0
DA:245,0
DA:252,0
DA:254,0
DA:256,0
DA:258,0
DA:259,0
DA:261,0
DA:262,0
DA:266,0
DA:270,0
DA:271,0
DA:277,0
DA:280,0
DA:281,0
DA:282,0
DA:286,0
DA:287,0
DA:288,0
DA:289,0
DA:292,0
DA:293,0
DA:294,0
DA:296,0
DA:298,0
DA:300,0
DA:302,0
DA:303,0
DA:305,0
DA:306,0
DA:308,0
DA:309,0
DA:311,0
DA:312,0
DA:314,0
DA:315,0
DA:318,0
DA:320,0
DA:321,0
DA:322,0
DA:325,0
DA:327,0
DA:329,0
DA:330,0
DA:332,0
DA:338,0
DA:339,0
DA:342,0
DA:345,0
DA:346,0
DA:350,0
DA:352,0
DA:353,0
DA:356,0
DA:357,0
DA:358,0
DA:359,0
DA:361,0
DA:362,0
DA:364,0
DA:369,0
DA:381,0
DA:387,0
DA:388,0
DA:389,0
DA:391,0
DA:393,0
DA:398,0
DA:399,0
DA:400,0
DA:401,0
DA:402,0
DA:404,0
DA:406,0
DA:412,0
DA:413,0
DA:414,0
DA:415,0
DA:416,0
DA:417,0
DA:420,0
DA:423,0
DA:428,0
DA:429,0
DA:430,0
DA:431,0
DA:432,0
DA:434,0
DA:435,0
DA:436,0
DA:437,0
DA:439,0
DA:441,0
DA:443,0
DA:448,0
DA:455,0
DA:456,0
DA:457,0
DA:458,0
DA:459,0
DA:461,0
DA:463,0
DA:465,0
DA:468,0
DA:472,0
DA:474,0
DA:476,0
DA:477,0
DA:480,0
DA:482,0
DA:487,0
DA:488,0
DA:489,0
DA:490,0
DA:491,0
DA:492,0
DA:494,0
DA:497,0
DA:504,0
DA:505,0
DA:506,0
DA:507,0
DA:508,0
DA:509,0
DA:511,0
DA:515,0
DA:520,0
DA:521,0
DA:522,0
DA:526,0
DA:528,0
DA:533,0
DA:534,0
DA:535,0
DA:545,0
DA:546,0
DA:553,2
DA:554,2
DA:555,2
DA:559,1
DA:564,1
DA:565,1
DA:566,0
DA:567,0
DA:575,2
LF:178
LH:26
BRDA:26,0,0,0
BRDA:26,1,0,1
BRDA:26,1,1,1
BRDA:26,1,2,1
BRDA:222,2,0,18
BRDA:237,3,0,0
BRDA:243,4,0,0
BRDA:243,5,0,0
BRDA:243,5,1,0
BRDA:254,6,0,0
BRDA:254,6,1,0
BRDA:254,6,2,0
BRDA:254,6,3,0
BRDA:254,6,4,0
BRDA:254,6,5,0
BRDA:254,6,6,0
BRDA:254,6,7,0
BRDA:254,6,8,0
BRDA:254,6,9,0
BRDA:262,7,0,0
BRDA:262,7,1,0
BRDA:266,8,0,0
BRDA:266,8,1,0
BRDA:270,9,0,0
BRDA:270,10,0,0
BRDA:270,10,1,0
BRDA:281,11,0,0
BRDA:288,12,0,0
BRDA:293,13,0,0
BRDA:296,14,0,0
BRDA:296,14,1,0
BRDA:298,15,0,0
BRDA:298,15,1,0
BRDA:321,16,0,0
BRDA:321,16,1,0
BRDA:321,17,0,0
BRDA:321,17,1,0
BRDA:352,18,0,0
BRDA:352,18,1,0
BRDA:352,18,2,0
BRDA:353,19,0,0
BRDA:353,19,1,0
BRDA:357,20,0,0
BRDA:357,20,1,0
BRDA:359,21,0,0
BRDA:359,21,1,0
BRDA:359,22,0,0
BRDA:359,22,1,0
BRDA:362,23,0,0
BRDA:393,24,0,0
BRDA:401,25,0,0
BRDA:401,26,0,0
BRDA:401,26,1,0
BRDA:412,27,0,0
BRDA:416,28,0,0
BRDA:416,28,1,0
BRDA:416,29,0,0
BRDA:416,29,1,0
BRDA:429,30,0,0
BRDA:429,31,0,0
BRDA:429,31,1,0
BRDA:429,31,2,0
BRDA:435,32,0,0
BRDA:435,33,0,0
BRDA:435,33,1,0
BRDA:455,34,0,0
BRDA:456,35,0,0
BRDA:457,36,0,0
BRDA:458,37,0,0
BRDA:461,38,0,0
BRDA:476,39,0,0
BRDA:477,40,0,0
BRDA:480,41,0,0
BRDA:487,42,0,0
BRDA:491,43,0,0
BRDA:491,43,1,0
BRDA:504,44,0,0
BRDA:508,45,0,0
BRDA:508,45,1,0
BRDA:520,46,0,0
BRDA:520,46,1,0
BRDA:526,47,0,0
BRDA:533,48,0,0
BRDA:575,49,0,2
BRDA:575,49,1,1
BRF:85
BRH:6
end_of_record
